228:[ERROR] COMPILATION ERROR : 
230:[ERROR] /home/travis/build/NitorCreations/nflow/nflow-engine/src/main/java/com/nitorcreations/nflow/engine/processing/nflow/StandardNflowWorkflowProcessingFactory.java:[24,54] constructor StandardNfloWorkflowProcessingDefinition in class com.nitorcreations.nflow.engine.processing.nflow.StandardNfloWorkflowProcessingDefinition cannot be applied to given types;
253:[ERROR] Failed to execute goal org.apache.maven.plugins:maven-compiler-plugin:3.5:compile (default-compile) on project nflow-engine: Compilation failure
254:[ERROR] /home/travis/build/NitorCreations/nflow/nflow-engine/src/main/java/com/nitorcreations/nflow/engine/processing/nflow/StandardNflowWorkflowProcessingFactory.java:[24,54] constructor StandardNfloWorkflowProcessingDefinition in class com.nitorcreations.nflow.engine.processing.nflow.StandardNfloWorkflowProcessingDefinition cannot be applied to given types;
255:[ERROR] required: com.nitorcreations.nflow.engine.workflow.definition.AbstractWorkflowDefinition<? extends com.nitorcreations.nflow.engine.workflow.definition.WorkflowState>
256:[ERROR] found: no arguments
257:[ERROR] reason: actual and formal argument lists differ in length
258:[ERROR] -> [Help 1]
259:[ERROR] 
260:[ERROR] To see the full stack trace of the errors, re-run Maven with the -e switch.
261:[ERROR] Re-run Maven using the -X switch to enable full debug logging.
262:[ERROR] 
263:[ERROR] For more information about the errors and possible solutions, please read the following articles:
264:[ERROR] [Help 1] http://cwiki.apache.org/confluence/display/MAVEN/MojoFailureException
265:[ERROR] 
266:[ERROR] After correcting the problems, you can resume the build with the command
267:[ERROR]   mvn <goals> -rf :nflow-engine
332:[ERROR] COMPILATION ERROR : 
334:[ERROR] /home/travis/build/NitorCreations/nflow/nflow-engine/src/main/java/com/nitorcreations/nflow/engine/processing/nflow/StandardNflowWorkflowProcessingFactory.java:[24,54] constructor StandardNfloWorkflowProcessingDefinition in class com.nitorcreations.nflow.engine.processing.nflow.StandardNfloWorkflowProcessingDefinition cannot be applied to given types;
357:[ERROR] Failed to execute goal org.apache.maven.plugins:maven-compiler-plugin:3.5:compile (default-compile) on project nflow-engine: Compilation failure
358:[ERROR] /home/travis/build/NitorCreations/nflow/nflow-engine/src/main/java/com/nitorcreations/nflow/engine/processing/nflow/StandardNflowWorkflowProcessingFactory.java:[24,54] constructor StandardNfloWorkflowProcessingDefinition in class com.nitorcreations.nflow.engine.processing.nflow.StandardNfloWorkflowProcessingDefinition cannot be applied to given types;
359:[ERROR] required: com.nitorcreations.nflow.engine.workflow.definition.AbstractWorkflowDefinition<? extends com.nitorcreations.nflow.engine.workflow.definition.WorkflowState>
360:[ERROR] found: no arguments
361:[ERROR] reason: actual and formal argument lists differ in length
362:[ERROR] -> [Help 1]
363:[ERROR] 
364:[ERROR] To see the full stack trace of the errors, re-run Maven with the -e switch.
365:[ERROR] Re-run Maven using the -X switch to enable full debug logging.
366:[ERROR] 
367:[ERROR] For more information about the errors and possible solutions, please read the following articles:
368:[ERROR] [Help 1] http://cwiki.apache.org/confluence/display/MAVEN/MojoFailureException
369:[ERROR] 
370:[ERROR] After correcting the problems, you can resume the build with the command
371:[ERROR]   mvn <goals> -rf :nflow-engine
436:[ERROR] COMPILATION ERROR : 
438:[ERROR] /home/travis/build/NitorCreations/nflow/nflow-engine/src/main/java/com/nitorcreations/nflow/engine/processing/nflow/StandardNflowWorkflowProcessingFactory.java:[24,54] constructor StandardNfloWorkflowProcessingDefinition in class com.nitorcreations.nflow.engine.processing.nflow.StandardNfloWorkflowProcessingDefinition cannot be applied to given types;
461:[ERROR] Failed to execute goal org.apache.maven.plugins:maven-compiler-plugin:3.5:compile (default-compile) on project nflow-engine: Compilation failure
462:[ERROR] /home/travis/build/NitorCreations/nflow/nflow-engine/src/main/java/com/nitorcreations/nflow/engine/processing/nflow/StandardNflowWorkflowProcessingFactory.java:[24,54] constructor StandardNfloWorkflowProcessingDefinition in class com.nitorcreations.nflow.engine.processing.nflow.StandardNfloWorkflowProcessingDefinition cannot be applied to given types;
463:[ERROR] required: com.nitorcreations.nflow.engine.workflow.definition.AbstractWorkflowDefinition<? extends com.nitorcreations.nflow.engine.workflow.definition.WorkflowState>
464:[ERROR] found: no arguments
465:[ERROR] reason: actual and formal argument lists differ in length
466:[ERROR] -> [Help 1]
467:[ERROR] 
468:[ERROR] To see the full stack trace of the errors, re-run Maven with the -e switch.
469:[ERROR] Re-run Maven using the -X switch to enable full debug logging.
470:[ERROR] 
471:[ERROR] For more information about the errors and possible solutions, please read the following articles:
472:[ERROR] [Help 1] http://cwiki.apache.org/confluence/display/MAVEN/MojoFailureException
473:[ERROR] 
474:[ERROR] After correcting the problems, you can resume the build with the command
475:[ERROR]   mvn <goals> -rf :nflow-engine
